1779383569992:create_super_hero {"name":"Писючкин","description_super_power":"Пися становится больше","count_save_human":20}
1779384254998:create_super_hero --json {"name":"Писючкин","description_super_power":"Пися становится больше","count_save_human":20}
1779384415932:create_super_hero --json '{"name":"Писючкин","description_super_power":"Пися становится больше","count_save_human":20}'
1779384672954:create_super_hero {"name":"Писючкин","description_super_power":"Пися становится больше","count_save_human":20}
1779385406841:create_super_hero {"name":"Кака","description_super_power":"Пися становится больше","count_save_human":20}
1779385411654:get_list_all_superhero
1779385543789:create_super_hero {"name":"Писючкин","description_super_power":"Пися становится больше","count_save_human":20}
1779386372945:create_super_hero --json {"name":"Писючкин","description_super_power":"Пися становится больше","count_save_human":20}
1779386732224:create_super_hero {"name":"Писючкин","description_super_power":"Пися становится больше","count_save_human":20}
1779386940243:create_super_hero '{"name":"Писючкин","description_super_power":"Пися становится больше","count_save_human":20}'
1779387000101:get_list_all_superhero
1781093805993:create_super_hero '{"name":"Писючкин","description_super_power":"Пися становится больше","count_save_human":20}'
1781447729377:create_super_hero '{"name":"sdsd","description_super_power":"Пися становится больше","count_save_human":20}'
1781447738250:update_super_hero Писючкин '{"description_super_power" : "Вырастает вторая пися"}'
1781447840953:create_super_hero '{"name":"Писючкин","description_super_power":"Пися становится больше","count_save_human":20}'
1781447844032:create_super_hero '{"name":"wdsds","description_super_power":"Пися становится больше","count_save_human":20}'
1781447863232:update_super_hero Писючкин '{"description_super_power" : "Вырастает вторая пися"}'
1781448577384:create_super_hero '{"name":"Писючкин","description_super_power":"Пися становится больше","count_save_human":20}'
1781448583254:create_super_hero '{"name":"sdf","description_super_power":"Пися становится больше","count_save_human":20}'
1781448590693:update_super_hero Писючкин '{"description_super_power" : "Вырастает вторая пися"}'
1781449277644:create_super_hero '{"name":"Писючкин","description_super_power":"Пися становится больше","count_save_human":20}'
1781449284021:create_super_hero '{"name":"asdf","description_super_power":"Пися становится больше","count_save_human":20}'
1781449293602:pdate_super_hero Писючкин '{"description_super_power" : "Вырастает вторая пися"}'
1781449302975:update_super_hero Писючкин '{"description_super_power" : "Вырастает вторая пися"}'
1781449428570:create_super_hero '{"name":"Писючкин","description_super_power":"Пися становится больше","count_save_human":20}'
1781449431604:create_super_hero '{"name":"ыва","description_super_power":"Пися становится больше","count_save_human":20}'
1781449439227:update_super_hero Писючкин '{"description_super_power" : "Вырастает вторая пися"}'
1781449520126:create_super_hero '{"name":"Писючкин","description_super_power":"Пися становится больше","count_save_human":20}'
1781449524115:create_super_hero '{"name":"фыфы","description_super_power":"Пися становится больше","count_save_human":20}'
1781449534092:update_super_hero Писючкин '{"description_super_power" : "Вырастает вторая пися"}'
1781449620447:create_super_hero '{"name":"Писючкин","description_super_power":"Пися становится больше","count_save_human":20}'
1781449641613:update_super_hero Писючкин '{"description_super_power" : "Вырастает вторая пися"}'
1781449818701:create_super_hero '{"name":"Писючкин","description_super_power":"Пися становится больше","count_save_human":20}'
1781449828398:update_super_hero Писючкин '{"description_super_power" : "Вырастает вторая пися"}'
1781449952051:create_super_hero '{"name":"Писючкин","description_super_power":"Пися становится больше","count_save_human":20}'
1781449959479:update_super_hero Писючкин '{"description_super_power" : "Вырастает вторая пися"}'
